<?xml version="1.0" encoding="UTF-8"?>
<testsuite name="org.springframework.gs_batch_processing.AppTest" tests="1" skipped="0" failures="0" errors="0" timestamp="2018-08-06T15:03:43" hostname="shimizujounoMacBook-puro.local" time="0.0">
  <properties/>
  <testcase name="testApp" classname="org.springframework.gs_batch_processing.AppTest" time="0.0"/>
  <system-out><![CDATA[]]></system-out>
  <system-err><![CDATA[]]></system-err>
</testsuite>
